 "TIME START" => Wed Dec 22 2021 13:33:38 GMT+0300 (Москва, стандартное время)
 "METHOD" => PUT
 "URL" => /users/6a8de028-90ef-4585-8603-7e82cdebc194
 "QUERY PARAMETERS" => {}
 "BODY" => {"name":"ivan","login":"iv123"}
 "STATUS CODE" => 404
 "WORKING HOURS" => [4ms]
 
 "TIME START" => Wed Dec 22 2021 13:46:50 GMT+0300 (Москва, стандартное время)
 "METHOD" => PUT
 "URL" => /users/6a8de028-90ef-4585-8603-7e82cdebc194
 "QUERY PARAMETERS" => {}
 "BODY" => {"name":"ivan","login":"iv123"}
 "STATUS CODE" => 404
 "WORKING HOURS" => [4ms]
 
 "TIME START" => Wed Dec 22 2021 13:46:56 GMT+0300 (Москва, стандартное время)
 "METHOD" => POST
 "URL" => /users?q1w2e3r4t5:hello
 "QUERY PARAMETERS" => {"q1w2e3r4t5:hello":""}
 "BODY" => [{"name":"USER","login":"user","password":"qaws"}]
 "STATUS CODE" => 201
 "WORKING HOURS" => [2ms]
 
 "TIME START" => Wed Dec 22 2021 14:31:08 GMT+0300 (Москва, стандартное время)
 "METHOD" => GET
 "URL" => /users
 "QUERY PARAMETERS" => {}
 "BODY" => {}
 "STATUS CODE" => 200
 "WORKING HOURS" => [10134ms]
 
 "TIME START" => Wed Dec 22 2021 14:31:38 GMT+0300 (Москва, стандартное время)
 "METHOD" => POST
 "URL" => /users?q1w2e3r4t5:hello
 "QUERY PARAMETERS" => {"q1w2e3r4t5:hello":""}
 "BODY" => [{"name":"USER","login":"user","password":"qaws"}]
 "STATUS CODE" => 200
 "WORKING HOURS" => [8380ms]
 
