{"level":"info","message":"     INFO LEVEL => Fri Jan 07 2022 16:40:46 GMT+0000 (Coordinated Universal Time)\n StatusCode: 200;\n URL: /users\n Query Parameters: {} Body: {}"}
{"level":"info","message":"     INFO LEVEL => Fri Jan 07 2022 16:40:46 GMT+0000 (Coordinated Universal Time)\n StatusCode: 201;\n URL: /users\n Query Parameters: {} Body: {\"name\":\"TEST_USER\",\"login\":\"test_user\",\"password\":\"T35t_P@55w0rd\"}"}
{"level":"info","message":"     INFO LEVEL => Fri Jan 07 2022 16:40:46 GMT+0000 (Coordinated Universal Time)\n StatusCode: 200;\n URL: /users/f3d7a7a8-10f6-459f-91f7-f4cac0865b49\n Query Parameters: {} Body: {}"}
{"level":"info","message":"     INFO LEVEL => Fri Jan 07 2022 16:40:46 GMT+0000 (Coordinated Universal Time)\n StatusCode: 200;\n URL: /users/f3d7a7a8-10f6-459f-91f7-f4cac0865b49\n Query Parameters: {} Body: {}"}
{"level":"info","message":"     INFO LEVEL => Fri Jan 07 2022 16:40:46 GMT+0000 (Coordinated Universal Time)\n StatusCode: 201;\n URL: /users\n Query Parameters: {} Body: {\"name\":\"TEST_USER\",\"login\":\"test_user\",\"password\":\"T35t_P@55w0rd\"}"}
{"level":"info","message":"     INFO LEVEL => Fri Jan 07 2022 16:40:46 GMT+0000 (Coordinated Universal Time)\n StatusCode: 200;\n URL: /users/b914c673-ba90-4b13-a580-1bf3cc64d4af\n Query Parameters: {} Body: {}"}
{"level":"info","message":"     INFO LEVEL => Fri Jan 07 2022 16:40:46 GMT+0000 (Coordinated Universal Time)\n StatusCode: 201;\n URL: /users\n Query Parameters: {} Body: {\"name\":\"TEST_USER\",\"login\":\"test_user\",\"password\":\"T35t_P@55w0rd\"}"}
{"level":"info","message":"     INFO LEVEL => Fri Jan 07 2022 16:40:46 GMT+0000 (Coordinated Universal Time)\n StatusCode: 200;\n URL: /users/0734d413-5242-4ade-b7cb-2d2f749fc3be\n Query Parameters: {} Body: {\"name\":\"Autotest updated TEST_USER\",\"login\":\"test_user\",\"password\":\"T35t_P@55w0rd\",\"id\":\"0734d413-5242-4ade-b7cb-2d2f749fc3be\"}"}
{"level":"info","message":"     INFO LEVEL => Fri Jan 07 2022 16:40:46 GMT+0000 (Coordinated Universal Time)\n StatusCode: 200;\n URL: /users/0734d413-5242-4ade-b7cb-2d2f749fc3be\n Query Parameters: {} Body: {}"}
{"level":"info","message":"     INFO LEVEL => Fri Jan 07 2022 16:40:46 GMT+0000 (Coordinated Universal Time)\n StatusCode: 200;\n URL: /users/0734d413-5242-4ade-b7cb-2d2f749fc3be\n Query Parameters: {} Body: {}"}
{"level":"info","message":"     INFO LEVEL => Fri Jan 07 2022 16:40:46 GMT+0000 (Coordinated Universal Time)\n StatusCode: 201;\n URL: /users\n Query Parameters: {} Body: {\"name\":\"TEST_USER\",\"login\":\"test_user\",\"password\":\"T35t_P@55w0rd\"}"}
{"level":"info","message":"     INFO LEVEL => Fri Jan 07 2022 16:40:46 GMT+0000 (Coordinated Universal Time)\n StatusCode: 200;\n URL: /users/78bfc5de-8079-4c88-9c00-ab3e0dbf8beb\n Query Parameters: {} Body: {}"}
{"level":"info","message":"     INFO LEVEL => Fri Jan 07 2022 16:40:46 GMT+0000 (Coordinated Universal Time)\n StatusCode: 201;\n URL: /users\n Query Parameters: {} Body: {\"name\":\"TEST_USER\",\"login\":\"test_user\",\"password\":\"T35t_P@55w0rd\"}"}
{"level":"info","message":"     INFO LEVEL => Fri Jan 07 2022 16:40:46 GMT+0000 (Coordinated Universal Time)\n StatusCode: 201;\n URL: /boards\n Query Parameters: {} Body: {\"title\":\"Autotest board\",\"columns\":[{\"title\":\"Backlog\",\"order\":1},{\"title\":\"Sprint\",\"order\":2}]}"}
{"level":"info","message":"     INFO LEVEL => Fri Jan 07 2022 16:40:46 GMT+0000 (Coordinated Universal Time)\n StatusCode: 201;\n URL: /boards/73b69b27-aa54-469b-a778-f68239bc8448/tasks\n Query Parameters: {} Body: {\"title\":\"Task #1\",\"order\":1,\"description\":\"Lorem ipsum\",\"userId\":\"83a96634-e97c-491a-8bd5-0fcd2b882ec0\",\"boardId\":\"73b69b27-aa54-469b-a778-f68239bc8448\"}"}
{"level":"info","message":"     INFO LEVEL => Fri Jan 07 2022 16:40:46 GMT+0000 (Coordinated Universal Time)\n StatusCode: 201;\n URL: /boards/73b69b27-aa54-469b-a778-f68239bc8448/tasks\n Query Parameters: {} Body: {\"title\":\"Task #2\",\"order\":2,\"description\":\"Lorem ipsum\",\"userId\":\"83a96634-e97c-491a-8bd5-0fcd2b882ec0\",\"boardId\":\"73b69b27-aa54-469b-a778-f68239bc8448\"}"}
{"level":"info","message":"     INFO LEVEL => Fri Jan 07 2022 16:40:46 GMT+0000 (Coordinated Universal Time)\n StatusCode: 200;\n URL: /users/83a96634-e97c-491a-8bd5-0fcd2b882ec0\n Query Parameters: {} Body: {}"}
{"level":"info","message":"     INFO LEVEL => Fri Jan 07 2022 16:40:46 GMT+0000 (Coordinated Universal Time)\n StatusCode: 200;\n URL: /boards/73b69b27-aa54-469b-a778-f68239bc8448/tasks/cbf3757b-86af-4508-858c-3a7fe5e46bb3\n Query Parameters: {} Body: {}"}
{"level":"info","message":"     INFO LEVEL => Fri Jan 07 2022 16:40:46 GMT+0000 (Coordinated Universal Time)\n StatusCode: 200;\n URL: /boards/73b69b27-aa54-469b-a778-f68239bc8448/tasks/cff89bad-4daa-4cf2-b9f1-c42d86fee8c2\n Query Parameters: {} Body: {}"}
{"level":"info","message":"     INFO LEVEL => Fri Jan 07 2022 16:40:46 GMT+0000 (Coordinated Universal Time)\n StatusCode: 200;\n URL: /boards/73b69b27-aa54-469b-a778-f68239bc8448/tasks/cbf3757b-86af-4508-858c-3a7fe5e46bb3\n Query Parameters: {} Body: {}"}
{"level":"info","message":"     INFO LEVEL => Fri Jan 07 2022 16:40:46 GMT+0000 (Coordinated Universal Time)\n StatusCode: 200;\n URL: /boards/73b69b27-aa54-469b-a778-f68239bc8448/tasks/cff89bad-4daa-4cf2-b9f1-c42d86fee8c2\n Query Parameters: {} Body: {}"}
{"level":"info","message":"     INFO LEVEL => Fri Jan 07 2022 16:40:46 GMT+0000 (Coordinated Universal Time)\n StatusCode: 200;\n URL: /boards/73b69b27-aa54-469b-a778-f68239bc8448\n Query Parameters: {} Body: {}"}
{"level":"info","message":"     INFO LEVEL => Fri Jan 07 2022 16:40:47 GMT+0000 (Coordinated Universal Time)\n StatusCode: 201;\n URL: /boards\n Query Parameters: {} Body: {\"title\":\"Autotest board\",\"columns\":[{\"title\":\"Backlog\",\"order\":1},{\"title\":\"Sprint\",\"order\":2}]}"}
{"level":"info","message":"     INFO LEVEL => Fri Jan 07 2022 16:40:47 GMT+0000 (Coordinated Universal Time)\n StatusCode: 200;\n URL: /boards\n Query Parameters: {} Body: {}"}
{"level":"info","message":"     INFO LEVEL => Fri Jan 07 2022 16:40:47 GMT+0000 (Coordinated Universal Time)\n StatusCode: 200;\n URL: /boards\n Query Parameters: {} Body: {}"}
{"level":"info","message":"     INFO LEVEL => Fri Jan 07 2022 16:40:47 GMT+0000 (Coordinated Universal Time)\n StatusCode: 200;\n URL: /boards/a17830d7-618b-4567-9a09-d76274579780\n Query Parameters: {} Body: {}"}
{"level":"info","message":"     INFO LEVEL => Fri Jan 07 2022 16:40:47 GMT+0000 (Coordinated Universal Time)\n StatusCode: 201;\n URL: /boards\n Query Parameters: {} Body: {\"title\":\"Autotest board\",\"columns\":[{\"title\":\"Backlog\",\"order\":1},{\"title\":\"Sprint\",\"order\":2}]}"}
{"level":"info","message":"     INFO LEVEL => Fri Jan 07 2022 16:40:47 GMT+0000 (Coordinated Universal Time)\n StatusCode: 200;\n URL: /boards/13894ebf-4ebc-42e6-8bc1-1d07cafa1602\n Query Parameters: {} Body: {}"}
{"level":"info","message":"     INFO LEVEL => Fri Jan 07 2022 16:40:47 GMT+0000 (Coordinated Universal Time)\n StatusCode: 201;\n URL: /boards\n Query Parameters: {} Body: {\"title\":\"Autotest board\",\"columns\":[{\"title\":\"Backlog\",\"order\":1},{\"title\":\"Sprint\",\"order\":2}]}"}
{"level":"info","message":"     INFO LEVEL => Fri Jan 07 2022 16:40:47 GMT+0000 (Coordinated Universal Time)\n StatusCode: 200;\n URL: /boards/73ec672c-763e-4f9d-8c44-638cee95912a\n Query Parameters: {} Body: {\"id\":\"73ec672c-763e-4f9d-8c44-638cee95912a\",\"title\":\"Autotest updated board\",\"columns\":[{\"id\":\"5030977f-5a95-4299-9516-97da71094e91\",\"title\":\"Backlog\",\"order\":1},{\"id\":\"d8c92640-26cf-4cdd-824b-7bdeee6612c4\",\"title\":\"Sprint\",\"order\":2}]}"}
{"level":"info","message":"     INFO LEVEL => Fri Jan 07 2022 16:40:47 GMT+0000 (Coordinated Universal Time)\n StatusCode: 200;\n URL: /boards/73ec672c-763e-4f9d-8c44-638cee95912a\n Query Parameters: {} Body: {}"}
{"level":"info","message":"     INFO LEVEL => Fri Jan 07 2022 16:40:47 GMT+0000 (Coordinated Universal Time)\n StatusCode: 200;\n URL: /boards/73ec672c-763e-4f9d-8c44-638cee95912a\n Query Parameters: {} Body: {}"}
{"level":"info","message":"     INFO LEVEL => Fri Jan 07 2022 16:40:47 GMT+0000 (Coordinated Universal Time)\n StatusCode: 201;\n URL: /boards\n Query Parameters: {} Body: {\"title\":\"Autotest board\",\"columns\":[{\"title\":\"Backlog\",\"order\":1},{\"title\":\"Sprint\",\"order\":2}]}"}
{"level":"info","message":"     INFO LEVEL => Fri Jan 07 2022 16:40:47 GMT+0000 (Coordinated Universal Time)\n StatusCode: 200;\n URL: /boards/691a327c-0a83-4eb1-95e7-f66ab0e4b679\n Query Parameters: {} Body: {}"}
{"level":"info","message":"     INFO LEVEL => Fri Jan 07 2022 16:40:47 GMT+0000 (Coordinated Universal Time)\n StatusCode: 404;\n URL: /boards/691a327c-0a83-4eb1-95e7-f66ab0e4b679\n Query Parameters: {} Body: {}"}
{"level":"warn","message":"     WARN LEVEL => Fri Jan 07 2022 16:40:47 GMT+0000 (Coordinated Universal Time)\n StatusCode: 404;\n URL: /boards/691a327c-0a83-4eb1-95e7-f66ab0e4b679\n Query Parameters: {} Body: {}"}
{"level":"info","message":"     INFO LEVEL => Fri Jan 07 2022 16:40:47 GMT+0000 (Coordinated Universal Time)\n StatusCode: 201;\n URL: /boards\n Query Parameters: {} Body: {\"title\":\"Autotest board\",\"columns\":[{\"title\":\"Backlog\",\"order\":1},{\"title\":\"Sprint\",\"order\":2}]}"}
{"level":"info","message":"     INFO LEVEL => Fri Jan 07 2022 16:40:47 GMT+0000 (Coordinated Universal Time)\n StatusCode: 201;\n URL: /boards/aa62371f-2310-4686-9748-2d42323da245/tasks\n Query Parameters: {} Body: {\"title\":\"Task #1\",\"order\":1,\"description\":\"Lorem ipsum\",\"boardId\":\"aa62371f-2310-4686-9748-2d42323da245\",\"userId\":null,\"columnId\":null}"}
{"level":"info","message":"     INFO LEVEL => Fri Jan 07 2022 16:40:47 GMT+0000 (Coordinated Universal Time)\n StatusCode: 201;\n URL: /boards/aa62371f-2310-4686-9748-2d42323da245/tasks\n Query Parameters: {} Body: {\"title\":\"Task #2\",\"order\":2,\"description\":\"Lorem ipsum\",\"boardId\":\"aa62371f-2310-4686-9748-2d42323da245\",\"userId\":null,\"columnId\":null}"}
{"level":"info","message":"     INFO LEVEL => Fri Jan 07 2022 16:40:47 GMT+0000 (Coordinated Universal Time)\n StatusCode: 201;\n URL: /boards/aa62371f-2310-4686-9748-2d42323da245/tasks\n Query Parameters: {} Body: {\"title\":\"Task #3\",\"order\":3,\"description\":\"Lorem ipsum\",\"boardId\":\"aa62371f-2310-4686-9748-2d42323da245\",\"userId\":null,\"columnId\":null}"}
{"level":"info","message":"     INFO LEVEL => Fri Jan 07 2022 16:40:47 GMT+0000 (Coordinated Universal Time)\n StatusCode: 201;\n URL: /boards/aa62371f-2310-4686-9748-2d42323da245/tasks\n Query Parameters: {} Body: {\"title\":\"Task #4\",\"order\":4,\"description\":\"Lorem ipsum\",\"boardId\":\"aa62371f-2310-4686-9748-2d42323da245\",\"userId\":null,\"columnId\":null}"}
{"level":"info","message":"     INFO LEVEL => Fri Jan 07 2022 16:40:47 GMT+0000 (Coordinated Universal Time)\n StatusCode: 201;\n URL: /boards/aa62371f-2310-4686-9748-2d42323da245/tasks\n Query Parameters: {} Body: {\"title\":\"Task #5\",\"order\":5,\"description\":\"Lorem ipsum\",\"boardId\":\"aa62371f-2310-4686-9748-2d42323da245\",\"userId\":null,\"columnId\":null}"}
{"level":"info","message":"     INFO LEVEL => Fri Jan 07 2022 16:40:47 GMT+0000 (Coordinated Universal Time)\n StatusCode: 200;\n URL: /boards/aa62371f-2310-4686-9748-2d42323da245/tasks/e4825c28-9582-4e26-a2c2-9e50824666cf\n Query Parameters: {} Body: {}"}
{"level":"info","message":"     INFO LEVEL => Fri Jan 07 2022 16:40:47 GMT+0000 (Coordinated Universal Time)\n StatusCode: 200;\n URL: /boards/aa62371f-2310-4686-9748-2d42323da245/tasks/04c97f21-3bb0-4538-9982-664cb49b0b4b\n Query Parameters: {} Body: {}"}
{"level":"info","message":"     INFO LEVEL => Fri Jan 07 2022 16:40:47 GMT+0000 (Coordinated Universal Time)\n StatusCode: 200;\n URL: /boards/aa62371f-2310-4686-9748-2d42323da245/tasks/dd49e7ef-dea4-4f30-b9b1-946e0a60c9dc\n Query Parameters: {} Body: {}"}
{"level":"info","message":"     INFO LEVEL => Fri Jan 07 2022 16:40:47 GMT+0000 (Coordinated Universal Time)\n StatusCode: 200;\n URL: /boards/aa62371f-2310-4686-9748-2d42323da245/tasks/eeeb53b4-58ef-4750-a4f8-7a76c56243bf\n Query Parameters: {} Body: {}"}
{"level":"info","message":"     INFO LEVEL => Fri Jan 07 2022 16:40:47 GMT+0000 (Coordinated Universal Time)\n StatusCode: 200;\n URL: /boards/aa62371f-2310-4686-9748-2d42323da245/tasks/b3b4497d-8e70-46ba-bf2c-2220da185a48\n Query Parameters: {} Body: {}"}
{"level":"info","message":"     INFO LEVEL => Fri Jan 07 2022 16:40:47 GMT+0000 (Coordinated Universal Time)\n StatusCode: 200;\n URL: /boards/aa62371f-2310-4686-9748-2d42323da245\n Query Parameters: {} Body: {}"}
{"level":"info","message":"     INFO LEVEL => Fri Jan 07 2022 16:40:47 GMT+0000 (Coordinated Universal Time)\n StatusCode: 404;\n URL: /boards/aa62371f-2310-4686-9748-2d42323da245/tasks/e4825c28-9582-4e26-a2c2-9e50824666cf\n Query Parameters: {} Body: {}"}
{"level":"warn","message":"     WARN LEVEL => Fri Jan 07 2022 16:40:47 GMT+0000 (Coordinated Universal Time)\n StatusCode: 404;\n URL: /boards/aa62371f-2310-4686-9748-2d42323da245/tasks/e4825c28-9582-4e26-a2c2-9e50824666cf\n Query Parameters: {} Body: {}"}
{"level":"info","message":"     INFO LEVEL => Fri Jan 07 2022 16:40:47 GMT+0000 (Coordinated Universal Time)\n StatusCode: 404;\n URL: /boards/aa62371f-2310-4686-9748-2d42323da245/tasks/04c97f21-3bb0-4538-9982-664cb49b0b4b\n Query Parameters: {} Body: {}"}
{"level":"warn","message":"     WARN LEVEL => Fri Jan 07 2022 16:40:47 GMT+0000 (Coordinated Universal Time)\n StatusCode: 404;\n URL: /boards/aa62371f-2310-4686-9748-2d42323da245/tasks/04c97f21-3bb0-4538-9982-664cb49b0b4b\n Query Parameters: {} Body: {}"}
{"level":"info","message":"     INFO LEVEL => Fri Jan 07 2022 16:40:47 GMT+0000 (Coordinated Universal Time)\n StatusCode: 404;\n URL: /boards/aa62371f-2310-4686-9748-2d42323da245/tasks/eeeb53b4-58ef-4750-a4f8-7a76c56243bf\n Query Parameters: {} Body: {}"}
{"level":"warn","message":"     WARN LEVEL => Fri Jan 07 2022 16:40:47 GMT+0000 (Coordinated Universal Time)\n StatusCode: 404;\n URL: /boards/aa62371f-2310-4686-9748-2d42323da245/tasks/eeeb53b4-58ef-4750-a4f8-7a76c56243bf\n Query Parameters: {} Body: {}"}
{"level":"info","message":"     INFO LEVEL => Fri Jan 07 2022 16:40:47 GMT+0000 (Coordinated Universal Time)\n StatusCode: 404;\n URL: /boards/aa62371f-2310-4686-9748-2d42323da245/tasks/b3b4497d-8e70-46ba-bf2c-2220da185a48\n Query Parameters: {} Body: {}"}
{"level":"warn","message":"     WARN LEVEL => Fri Jan 07 2022 16:40:47 GMT+0000 (Coordinated Universal Time)\n StatusCode: 404;\n URL: /boards/aa62371f-2310-4686-9748-2d42323da245/tasks/b3b4497d-8e70-46ba-bf2c-2220da185a48\n Query Parameters: {} Body: {}"}
{"level":"info","message":"     INFO LEVEL => Fri Jan 07 2022 16:40:47 GMT+0000 (Coordinated Universal Time)\n StatusCode: 404;\n URL: /boards/aa62371f-2310-4686-9748-2d42323da245/tasks/dd49e7ef-dea4-4f30-b9b1-946e0a60c9dc\n Query Parameters: {} Body: {}"}
{"level":"warn","message":"     WARN LEVEL => Fri Jan 07 2022 16:40:47 GMT+0000 (Coordinated Universal Time)\n StatusCode: 404;\n URL: /boards/aa62371f-2310-4686-9748-2d42323da245/tasks/dd49e7ef-dea4-4f30-b9b1-946e0a60c9dc\n Query Parameters: {} Body: {}"}
{"level":"info","message":"     INFO LEVEL => Fri Jan 07 2022 16:40:47 GMT+0000 (Coordinated Universal Time)\n StatusCode: 200;\n URL: /boards/a17830d7-618b-4567-9a09-d76274579780\n Query Parameters: {} Body: {}"}
{"level":"info","message":"     INFO LEVEL => Fri Jan 07 2022 16:40:47 GMT+0000 (Coordinated Universal Time)\n StatusCode: 201;\n URL: /boards\n Query Parameters: {} Body: {\"title\":\"Autotest board\",\"columns\":[{\"title\":\"Backlog\",\"order\":1},{\"title\":\"Sprint\",\"order\":2}]}"}
{"level":"info","message":"     INFO LEVEL => Fri Jan 07 2022 16:40:47 GMT+0000 (Coordinated Universal Time)\n StatusCode: 201;\n URL: /boards/1a92eea3-7d94-425b-9f0c-97b413057682/tasks\n Query Parameters: {} Body: {\"title\":\"Autotest task\",\"order\":0,\"description\":\"Lorem ipsum\",\"userId\":null,\"boardId\":null,\"columnId\":null}"}
{"level":"info","message":"     INFO LEVEL => Fri Jan 07 2022 16:40:47 GMT+0000 (Coordinated Universal Time)\n StatusCode: 200;\n URL: /boards/1a92eea3-7d94-425b-9f0c-97b413057682/tasks\n Query Parameters: {} Body: {}"}
{"level":"info","message":"     INFO LEVEL => Fri Jan 07 2022 16:40:47 GMT+0000 (Coordinated Universal Time)\n StatusCode: 200;\n URL: /boards/1a92eea3-7d94-425b-9f0c-97b413057682/tasks\n Query Parameters: {} Body: {}"}
{"level":"info","message":"     INFO LEVEL => Fri Jan 07 2022 16:40:47 GMT+0000 (Coordinated Universal Time)\n StatusCode: 200;\n URL: /boards/1a92eea3-7d94-425b-9f0c-97b413057682/tasks/c68562a7-1301-4bd2-b02b-ae37d3d263af\n Query Parameters: {} Body: {}"}
{"level":"info","message":"     INFO LEVEL => Fri Jan 07 2022 16:40:47 GMT+0000 (Coordinated Universal Time)\n StatusCode: 201;\n URL: /boards/1a92eea3-7d94-425b-9f0c-97b413057682/tasks\n Query Parameters: {} Body: {\"title\":\"Autotest task\",\"order\":0,\"description\":\"Lorem ipsum\",\"userId\":null,\"boardId\":null,\"columnId\":null}"}
{"level":"info","message":"     INFO LEVEL => Fri Jan 07 2022 16:40:47 GMT+0000 (Coordinated Universal Time)\n StatusCode: 200;\n URL: /boards/1a92eea3-7d94-425b-9f0c-97b413057682/tasks/9469053c-95f7-4133-a08d-93df7aa52173\n Query Parameters: {} Body: {}"}
{"level":"info","message":"     INFO LEVEL => Fri Jan 07 2022 16:40:47 GMT+0000 (Coordinated Universal Time)\n StatusCode: 201;\n URL: /boards/1a92eea3-7d94-425b-9f0c-97b413057682/tasks\n Query Parameters: {} Body: {\"title\":\"Autotest task\",\"order\":0,\"description\":\"Lorem ipsum\",\"userId\":null,\"boardId\":null,\"columnId\":null}"}
{"level":"info","message":"     INFO LEVEL => Fri Jan 07 2022 16:40:47 GMT+0000 (Coordinated Universal Time)\n StatusCode: 200;\n URL: /boards/1a92eea3-7d94-425b-9f0c-97b413057682/tasks/06346a6a-1c24-4c2b-87d0-fa7ddf0648c5\n Query Parameters: {} Body: {\"id\":\"06346a6a-1c24-4c2b-87d0-fa7ddf0648c5\",\"title\":\"Autotest updated task\",\"order\":0,\"description\":\"Lorem ipsum\",\"userId\":null,\"boardId\":\"1a92eea3-7d94-425b-9f0c-97b413057682\",\"columnId\":null}"}
{"level":"info","message":"     INFO LEVEL => Fri Jan 07 2022 16:40:47 GMT+0000 (Coordinated Universal Time)\n StatusCode: 200;\n URL: /boards/1a92eea3-7d94-425b-9f0c-97b413057682/tasks/06346a6a-1c24-4c2b-87d0-fa7ddf0648c5\n Query Parameters: {} Body: {}"}
{"level":"info","message":"     INFO LEVEL => Fri Jan 07 2022 16:40:47 GMT+0000 (Coordinated Universal Time)\n StatusCode: 200;\n URL: /boards/1a92eea3-7d94-425b-9f0c-97b413057682/tasks/c68562a7-1301-4bd2-b02b-ae37d3d263af\n Query Parameters: {} Body: {}"}
{"level":"info","message":"     INFO LEVEL => Fri Jan 07 2022 16:40:47 GMT+0000 (Coordinated Universal Time)\n StatusCode: 200;\n URL: /boards/1a92eea3-7d94-425b-9f0c-97b413057682/tasks/c68562a7-1301-4bd2-b02b-ae37d3d263af\n Query Parameters: {} Body: {}"}
{"level":"info","message":"     INFO LEVEL => Fri Jan 07 2022 16:40:47 GMT+0000 (Coordinated Universal Time)\n StatusCode: 404;\n URL: /boards/1a92eea3-7d94-425b-9f0c-97b413057682/tasks/c68562a7-1301-4bd2-b02b-ae37d3d263af\n Query Parameters: {} Body: {}"}
{"level":"warn","message":"     WARN LEVEL => Fri Jan 07 2022 16:40:47 GMT+0000 (Coordinated Universal Time)\n StatusCode: 404;\n URL: /boards/1a92eea3-7d94-425b-9f0c-97b413057682/tasks/c68562a7-1301-4bd2-b02b-ae37d3d263af\n Query Parameters: {} Body: {}"}
{"level":"info","message":"     INFO LEVEL => Fri Jan 07 2022 16:40:47 GMT+0000 (Coordinated Universal Time)\n StatusCode: 200;\n URL: /boards/1a92eea3-7d94-425b-9f0c-97b413057682\n Query Parameters: {} Body: {}"}
{"level":"info","message":"     INFO LEVEL => Fri Jan 07 2022 19:19:15 GMT+0000 (Coordinated Universal Time)\n StatusCode: 200;\n URL: /users\n Query Parameters: {} Body: {}"}
{"level":"info","message":"     INFO LEVEL => Fri Jan 07 2022 19:19:15 GMT+0000 (Coordinated Universal Time)\n StatusCode: 201;\n URL: /users\n Query Parameters: {} Body: {\"name\":\"TEST_USER\",\"login\":\"test_user\",\"password\":\"T35t_P@55w0rd\"}"}
{"level":"info","message":"     INFO LEVEL => Fri Jan 07 2022 19:19:15 GMT+0000 (Coordinated Universal Time)\n StatusCode: 200;\n URL: /users/cf418df5-b032-4849-ab56-b947910616d3\n Query Parameters: {} Body: {}"}
{"level":"info","message":"     INFO LEVEL => Fri Jan 07 2022 19:19:15 GMT+0000 (Coordinated Universal Time)\n StatusCode: 200;\n URL: /users/cf418df5-b032-4849-ab56-b947910616d3\n Query Parameters: {} Body: {}"}
{"level":"info","message":"     INFO LEVEL => Fri Jan 07 2022 19:19:15 GMT+0000 (Coordinated Universal Time)\n StatusCode: 201;\n URL: /users\n Query Parameters: {} Body: {\"name\":\"TEST_USER\",\"login\":\"test_user\",\"password\":\"T35t_P@55w0rd\"}"}
{"level":"info","message":"     INFO LEVEL => Fri Jan 07 2022 19:19:15 GMT+0000 (Coordinated Universal Time)\n StatusCode: 200;\n URL: /users/357294f3-5877-40a9-a5e2-66f8defa5b14\n Query Parameters: {} Body: {}"}
{"level":"info","message":"     INFO LEVEL => Fri Jan 07 2022 19:19:15 GMT+0000 (Coordinated Universal Time)\n StatusCode: 201;\n URL: /users\n Query Parameters: {} Body: {\"name\":\"TEST_USER\",\"login\":\"test_user\",\"password\":\"T35t_P@55w0rd\"}"}
{"level":"info","message":"     INFO LEVEL => Fri Jan 07 2022 19:19:15 GMT+0000 (Coordinated Universal Time)\n StatusCode: 200;\n URL: /users/b4d15bee-426a-46d2-b268-81879fe5afa9\n Query Parameters: {} Body: {\"name\":\"Autotest updated TEST_USER\",\"login\":\"test_user\",\"password\":\"T35t_P@55w0rd\",\"id\":\"b4d15bee-426a-46d2-b268-81879fe5afa9\"}"}
{"level":"info","message":"     INFO LEVEL => Fri Jan 07 2022 19:19:15 GMT+0000 (Coordinated Universal Time)\n StatusCode: 200;\n URL: /users/b4d15bee-426a-46d2-b268-81879fe5afa9\n Query Parameters: {} Body: {}"}
{"level":"info","message":"     INFO LEVEL => Fri Jan 07 2022 19:19:15 GMT+0000 (Coordinated Universal Time)\n StatusCode: 200;\n URL: /users/b4d15bee-426a-46d2-b268-81879fe5afa9\n Query Parameters: {} Body: {}"}
{"level":"info","message":"     INFO LEVEL => Fri Jan 07 2022 19:19:15 GMT+0000 (Coordinated Universal Time)\n StatusCode: 201;\n URL: /users\n Query Parameters: {} Body: {\"name\":\"TEST_USER\",\"login\":\"test_user\",\"password\":\"T35t_P@55w0rd\"}"}
{"level":"info","message":"     INFO LEVEL => Fri Jan 07 2022 19:19:15 GMT+0000 (Coordinated Universal Time)\n StatusCode: 200;\n URL: /users/6b3c2d37-a271-4dc7-bdf6-99f411f2f9cd\n Query Parameters: {} Body: {}"}
{"level":"info","message":"     INFO LEVEL => Fri Jan 07 2022 19:19:15 GMT+0000 (Coordinated Universal Time)\n StatusCode: 201;\n URL: /users\n Query Parameters: {} Body: {\"name\":\"TEST_USER\",\"login\":\"test_user\",\"password\":\"T35t_P@55w0rd\"}"}
{"level":"info","message":"     INFO LEVEL => Fri Jan 07 2022 19:19:15 GMT+0000 (Coordinated Universal Time)\n StatusCode: 201;\n URL: /boards\n Query Parameters: {} Body: {\"title\":\"Autotest board\",\"columns\":[{\"title\":\"Backlog\",\"order\":1},{\"title\":\"Sprint\",\"order\":2}]}"}
{"level":"info","message":"     INFO LEVEL => Fri Jan 07 2022 19:19:15 GMT+0000 (Coordinated Universal Time)\n StatusCode: 201;\n URL: /boards/f7420499-33e8-470d-a9df-f080585c6c60/tasks\n Query Parameters: {} Body: {\"title\":\"Task #1\",\"order\":1,\"description\":\"Lorem ipsum\",\"userId\":\"d9d476ca-672d-4603-ac8f-15ed5c2207c8\",\"boardId\":\"f7420499-33e8-470d-a9df-f080585c6c60\"}"}
{"level":"info","message":"     INFO LEVEL => Fri Jan 07 2022 19:19:15 GMT+0000 (Coordinated Universal Time)\n StatusCode: 201;\n URL: /boards/f7420499-33e8-470d-a9df-f080585c6c60/tasks\n Query Parameters: {} Body: {\"title\":\"Task #2\",\"order\":2,\"description\":\"Lorem ipsum\",\"userId\":\"d9d476ca-672d-4603-ac8f-15ed5c2207c8\",\"boardId\":\"f7420499-33e8-470d-a9df-f080585c6c60\"}"}
{"level":"info","message":"     INFO LEVEL => Fri Jan 07 2022 19:19:15 GMT+0000 (Coordinated Universal Time)\n StatusCode: 200;\n URL: /users/d9d476ca-672d-4603-ac8f-15ed5c2207c8\n Query Parameters: {} Body: {}"}
{"level":"info","message":"     INFO LEVEL => Fri Jan 07 2022 19:19:15 GMT+0000 (Coordinated Universal Time)\n StatusCode: 200;\n URL: /boards/f7420499-33e8-470d-a9df-f080585c6c60/tasks/709dd6f8-fb7b-4547-bbb3-bdb10824a20b\n Query Parameters: {} Body: {}"}
{"level":"info","message":"     INFO LEVEL => Fri Jan 07 2022 19:19:15 GMT+0000 (Coordinated Universal Time)\n StatusCode: 200;\n URL: /boards/f7420499-33e8-470d-a9df-f080585c6c60/tasks/f5abf699-33a1-4a9e-8026-9f08b3d03862\n Query Parameters: {} Body: {}"}
{"level":"info","message":"     INFO LEVEL => Fri Jan 07 2022 19:19:15 GMT+0000 (Coordinated Universal Time)\n StatusCode: 200;\n URL: /boards/f7420499-33e8-470d-a9df-f080585c6c60/tasks/709dd6f8-fb7b-4547-bbb3-bdb10824a20b\n Query Parameters: {} Body: {}"}
{"level":"info","message":"     INFO LEVEL => Fri Jan 07 2022 19:19:15 GMT+0000 (Coordinated Universal Time)\n StatusCode: 200;\n URL: /boards/f7420499-33e8-470d-a9df-f080585c6c60/tasks/f5abf699-33a1-4a9e-8026-9f08b3d03862\n Query Parameters: {} Body: {}"}
{"level":"info","message":"     INFO LEVEL => Fri Jan 07 2022 19:19:15 GMT+0000 (Coordinated Universal Time)\n StatusCode: 200;\n URL: /boards/f7420499-33e8-470d-a9df-f080585c6c60\n Query Parameters: {} Body: {}"}
{"level":"info","message":"     INFO LEVEL => Fri Jan 07 2022 19:19:15 GMT+0000 (Coordinated Universal Time)\n StatusCode: 201;\n URL: /boards\n Query Parameters: {} Body: {\"title\":\"Autotest board\",\"columns\":[{\"title\":\"Backlog\",\"order\":1},{\"title\":\"Sprint\",\"order\":2}]}"}
{"level":"info","message":"     INFO LEVEL => Fri Jan 07 2022 19:19:15 GMT+0000 (Coordinated Universal Time)\n StatusCode: 200;\n URL: /boards\n Query Parameters: {} Body: {}"}
{"level":"info","message":"     INFO LEVEL => Fri Jan 07 2022 19:19:15 GMT+0000 (Coordinated Universal Time)\n StatusCode: 200;\n URL: /boards\n Query Parameters: {} Body: {}"}
{"level":"info","message":"     INFO LEVEL => Fri Jan 07 2022 19:19:15 GMT+0000 (Coordinated Universal Time)\n StatusCode: 200;\n URL: /boards/036b6d40-04e8-4916-b71c-ef83b6e24c2a\n Query Parameters: {} Body: {}"}
{"level":"info","message":"     INFO LEVEL => Fri Jan 07 2022 19:19:15 GMT+0000 (Coordinated Universal Time)\n StatusCode: 201;\n URL: /boards\n Query Parameters: {} Body: {\"title\":\"Autotest board\",\"columns\":[{\"title\":\"Backlog\",\"order\":1},{\"title\":\"Sprint\",\"order\":2}]}"}
{"level":"info","message":"     INFO LEVEL => Fri Jan 07 2022 19:19:15 GMT+0000 (Coordinated Universal Time)\n StatusCode: 200;\n URL: /boards/1b059f75-f7cb-4a67-a8c6-38e106953d81\n Query Parameters: {} Body: {}"}
{"level":"info","message":"     INFO LEVEL => Fri Jan 07 2022 19:19:15 GMT+0000 (Coordinated Universal Time)\n StatusCode: 201;\n URL: /boards\n Query Parameters: {} Body: {\"title\":\"Autotest board\",\"columns\":[{\"title\":\"Backlog\",\"order\":1},{\"title\":\"Sprint\",\"order\":2}]}"}
{"level":"info","message":"     INFO LEVEL => Fri Jan 07 2022 19:19:15 GMT+0000 (Coordinated Universal Time)\n StatusCode: 200;\n URL: /boards/a9abbab1-c690-4aff-ad1d-1b24c9a31906\n Query Parameters: {} Body: {\"id\":\"a9abbab1-c690-4aff-ad1d-1b24c9a31906\",\"title\":\"Autotest updated board\",\"columns\":[{\"id\":\"ada0f3fc-1d31-49aa-8d08-9977a65c6775\",\"title\":\"Backlog\",\"order\":1},{\"id\":\"4576db03-5b12-4994-819c-ad7d2cf862cc\",\"title\":\"Sprint\",\"order\":2}]}"}
{"level":"info","message":"     INFO LEVEL => Fri Jan 07 2022 19:19:15 GMT+0000 (Coordinated Universal Time)\n StatusCode: 200;\n URL: /boards/a9abbab1-c690-4aff-ad1d-1b24c9a31906\n Query Parameters: {} Body: {}"}
{"level":"info","message":"     INFO LEVEL => Fri Jan 07 2022 19:19:15 GMT+0000 (Coordinated Universal Time)\n StatusCode: 200;\n URL: /boards/a9abbab1-c690-4aff-ad1d-1b24c9a31906\n Query Parameters: {} Body: {}"}
{"level":"info","message":"     INFO LEVEL => Fri Jan 07 2022 19:19:15 GMT+0000 (Coordinated Universal Time)\n StatusCode: 201;\n URL: /boards\n Query Parameters: {} Body: {\"title\":\"Autotest board\",\"columns\":[{\"title\":\"Backlog\",\"order\":1},{\"title\":\"Sprint\",\"order\":2}]}"}
{"level":"info","message":"     INFO LEVEL => Fri Jan 07 2022 19:19:15 GMT+0000 (Coordinated Universal Time)\n StatusCode: 200;\n URL: /boards/02a6c38b-7641-4cd5-8bb6-0b8305e1929a\n Query Parameters: {} Body: {}"}
{"level":"info","message":"     INFO LEVEL => Fri Jan 07 2022 19:19:15 GMT+0000 (Coordinated Universal Time)\n StatusCode: 404;\n URL: /boards/02a6c38b-7641-4cd5-8bb6-0b8305e1929a\n Query Parameters: {} Body: {}"}
{"level":"warn","message":"     WARN LEVEL => Fri Jan 07 2022 19:19:15 GMT+0000 (Coordinated Universal Time)\n StatusCode: 404;\n URL: /boards/02a6c38b-7641-4cd5-8bb6-0b8305e1929a\n Query Parameters: {} Body: {}"}
{"level":"info","message":"     INFO LEVEL => Fri Jan 07 2022 19:19:15 GMT+0000 (Coordinated Universal Time)\n StatusCode: 201;\n URL: /boards\n Query Parameters: {} Body: {\"title\":\"Autotest board\",\"columns\":[{\"title\":\"Backlog\",\"order\":1},{\"title\":\"Sprint\",\"order\":2}]}"}
{"level":"info","message":"     INFO LEVEL => Fri Jan 07 2022 19:19:15 GMT+0000 (Coordinated Universal Time)\n StatusCode: 201;\n URL: /boards/ca6ea44e-7e3f-46da-8116-040e2f7e836e/tasks\n Query Parameters: {} Body: {\"title\":\"Task #1\",\"order\":1,\"description\":\"Lorem ipsum\",\"boardId\":\"ca6ea44e-7e3f-46da-8116-040e2f7e836e\",\"userId\":null,\"columnId\":null}"}
{"level":"info","message":"     INFO LEVEL => Fri Jan 07 2022 19:19:15 GMT+0000 (Coordinated Universal Time)\n StatusCode: 201;\n URL: /boards/ca6ea44e-7e3f-46da-8116-040e2f7e836e/tasks\n Query Parameters: {} Body: {\"title\":\"Task #2\",\"order\":2,\"description\":\"Lorem ipsum\",\"boardId\":\"ca6ea44e-7e3f-46da-8116-040e2f7e836e\",\"userId\":null,\"columnId\":null}"}
{"level":"info","message":"     INFO LEVEL => Fri Jan 07 2022 19:19:15 GMT+0000 (Coordinated Universal Time)\n StatusCode: 201;\n URL: /boards/ca6ea44e-7e3f-46da-8116-040e2f7e836e/tasks\n Query Parameters: {} Body: {\"title\":\"Task #3\",\"order\":3,\"description\":\"Lorem ipsum\",\"boardId\":\"ca6ea44e-7e3f-46da-8116-040e2f7e836e\",\"userId\":null,\"columnId\":null}"}
{"level":"info","message":"     INFO LEVEL => Fri Jan 07 2022 19:19:15 GMT+0000 (Coordinated Universal Time)\n StatusCode: 201;\n URL: /boards/ca6ea44e-7e3f-46da-8116-040e2f7e836e/tasks\n Query Parameters: {} Body: {\"title\":\"Task #4\",\"order\":4,\"description\":\"Lorem ipsum\",\"boardId\":\"ca6ea44e-7e3f-46da-8116-040e2f7e836e\",\"userId\":null,\"columnId\":null}"}
{"level":"info","message":"     INFO LEVEL => Fri Jan 07 2022 19:19:15 GMT+0000 (Coordinated Universal Time)\n StatusCode: 201;\n URL: /boards/ca6ea44e-7e3f-46da-8116-040e2f7e836e/tasks\n Query Parameters: {} Body: {\"title\":\"Task #5\",\"order\":5,\"description\":\"Lorem ipsum\",\"boardId\":\"ca6ea44e-7e3f-46da-8116-040e2f7e836e\",\"userId\":null,\"columnId\":null}"}
{"level":"info","message":"     INFO LEVEL => Fri Jan 07 2022 19:19:15 GMT+0000 (Coordinated Universal Time)\n StatusCode: 200;\n URL: /boards/ca6ea44e-7e3f-46da-8116-040e2f7e836e/tasks/cfd88c2f-d785-4107-8523-b9b120c42233\n Query Parameters: {} Body: {}"}
{"level":"info","message":"     INFO LEVEL => Fri Jan 07 2022 19:19:15 GMT+0000 (Coordinated Universal Time)\n StatusCode: 200;\n URL: /boards/ca6ea44e-7e3f-46da-8116-040e2f7e836e/tasks/32f64451-e016-4366-b837-a6683016fa74\n Query Parameters: {} Body: {}"}
{"level":"info","message":"     INFO LEVEL => Fri Jan 07 2022 19:19:15 GMT+0000 (Coordinated Universal Time)\n StatusCode: 200;\n URL: /boards/ca6ea44e-7e3f-46da-8116-040e2f7e836e/tasks/d6758838-fdcf-4d4d-b708-4cc432e37969\n Query Parameters: {} Body: {}"}
{"level":"info","message":"     INFO LEVEL => Fri Jan 07 2022 19:19:15 GMT+0000 (Coordinated Universal Time)\n StatusCode: 200;\n URL: /boards/ca6ea44e-7e3f-46da-8116-040e2f7e836e/tasks/541ae3b4-73bb-4b5b-b4aa-f3bcdd361afd\n Query Parameters: {} Body: {}"}
{"level":"info","message":"     INFO LEVEL => Fri Jan 07 2022 19:19:15 GMT+0000 (Coordinated Universal Time)\n StatusCode: 200;\n URL: /boards/ca6ea44e-7e3f-46da-8116-040e2f7e836e/tasks/6b887d09-483d-4fc0-af56-9dd5b9dd815f\n Query Parameters: {} Body: {}"}
{"level":"info","message":"     INFO LEVEL => Fri Jan 07 2022 19:19:15 GMT+0000 (Coordinated Universal Time)\n StatusCode: 200;\n URL: /boards/ca6ea44e-7e3f-46da-8116-040e2f7e836e\n Query Parameters: {} Body: {}"}
{"level":"info","message":"     INFO LEVEL => Fri Jan 07 2022 19:19:15 GMT+0000 (Coordinated Universal Time)\n StatusCode: 404;\n URL: /boards/ca6ea44e-7e3f-46da-8116-040e2f7e836e/tasks/cfd88c2f-d785-4107-8523-b9b120c42233\n Query Parameters: {} Body: {}"}
{"level":"warn","message":"     WARN LEVEL => Fri Jan 07 2022 19:19:15 GMT+0000 (Coordinated Universal Time)\n StatusCode: 404;\n URL: /boards/ca6ea44e-7e3f-46da-8116-040e2f7e836e/tasks/cfd88c2f-d785-4107-8523-b9b120c42233\n Query Parameters: {} Body: {}"}
{"level":"info","message":"     INFO LEVEL => Fri Jan 07 2022 19:19:15 GMT+0000 (Coordinated Universal Time)\n StatusCode: 404;\n URL: /boards/ca6ea44e-7e3f-46da-8116-040e2f7e836e/tasks/32f64451-e016-4366-b837-a6683016fa74\n Query Parameters: {} Body: {}"}
{"level":"warn","message":"     WARN LEVEL => Fri Jan 07 2022 19:19:15 GMT+0000 (Coordinated Universal Time)\n StatusCode: 404;\n URL: /boards/ca6ea44e-7e3f-46da-8116-040e2f7e836e/tasks/32f64451-e016-4366-b837-a6683016fa74\n Query Parameters: {} Body: {}"}
{"level":"info","message":"     INFO LEVEL => Fri Jan 07 2022 19:19:15 GMT+0000 (Coordinated Universal Time)\n StatusCode: 404;\n URL: /boards/ca6ea44e-7e3f-46da-8116-040e2f7e836e/tasks/d6758838-fdcf-4d4d-b708-4cc432e37969\n Query Parameters: {} Body: {}"}
{"level":"warn","message":"     WARN LEVEL => Fri Jan 07 2022 19:19:15 GMT+0000 (Coordinated Universal Time)\n StatusCode: 404;\n URL: /boards/ca6ea44e-7e3f-46da-8116-040e2f7e836e/tasks/d6758838-fdcf-4d4d-b708-4cc432e37969\n Query Parameters: {} Body: {}"}
{"level":"info","message":"     INFO LEVEL => Fri Jan 07 2022 19:19:15 GMT+0000 (Coordinated Universal Time)\n StatusCode: 404;\n URL: /boards/ca6ea44e-7e3f-46da-8116-040e2f7e836e/tasks/541ae3b4-73bb-4b5b-b4aa-f3bcdd361afd\n Query Parameters: {} Body: {}"}
{"level":"warn","message":"     WARN LEVEL => Fri Jan 07 2022 19:19:15 GMT+0000 (Coordinated Universal Time)\n StatusCode: 404;\n URL: /boards/ca6ea44e-7e3f-46da-8116-040e2f7e836e/tasks/541ae3b4-73bb-4b5b-b4aa-f3bcdd361afd\n Query Parameters: {} Body: {}"}
{"level":"info","message":"     INFO LEVEL => Fri Jan 07 2022 19:19:15 GMT+0000 (Coordinated Universal Time)\n StatusCode: 404;\n URL: /boards/ca6ea44e-7e3f-46da-8116-040e2f7e836e/tasks/6b887d09-483d-4fc0-af56-9dd5b9dd815f\n Query Parameters: {} Body: {}"}
{"level":"warn","message":"     WARN LEVEL => Fri Jan 07 2022 19:19:15 GMT+0000 (Coordinated Universal Time)\n StatusCode: 404;\n URL: /boards/ca6ea44e-7e3f-46da-8116-040e2f7e836e/tasks/6b887d09-483d-4fc0-af56-9dd5b9dd815f\n Query Parameters: {} Body: {}"}
{"level":"info","message":"     INFO LEVEL => Fri Jan 07 2022 19:19:15 GMT+0000 (Coordinated Universal Time)\n StatusCode: 200;\n URL: /boards/036b6d40-04e8-4916-b71c-ef83b6e24c2a\n Query Parameters: {} Body: {}"}
{"level":"info","message":"     INFO LEVEL => Fri Jan 07 2022 19:19:16 GMT+0000 (Coordinated Universal Time)\n StatusCode: 201;\n URL: /boards\n Query Parameters: {} Body: {\"title\":\"Autotest board\",\"columns\":[{\"title\":\"Backlog\",\"order\":1},{\"title\":\"Sprint\",\"order\":2}]}"}
{"level":"info","message":"     INFO LEVEL => Fri Jan 07 2022 19:19:16 GMT+0000 (Coordinated Universal Time)\n StatusCode: 201;\n URL: /boards/aaf45fc0-8002-4b34-a5dc-549d28e525fd/tasks\n Query Parameters: {} Body: {\"title\":\"Autotest task\",\"order\":0,\"description\":\"Lorem ipsum\",\"userId\":null,\"boardId\":null,\"columnId\":null}"}
{"level":"info","message":"     INFO LEVEL => Fri Jan 07 2022 19:19:16 GMT+0000 (Coordinated Universal Time)\n StatusCode: 200;\n URL: /boards/aaf45fc0-8002-4b34-a5dc-549d28e525fd/tasks\n Query Parameters: {} Body: {}"}
{"level":"info","message":"     INFO LEVEL => Fri Jan 07 2022 19:19:16 GMT+0000 (Coordinated Universal Time)\n StatusCode: 200;\n URL: /boards/aaf45fc0-8002-4b34-a5dc-549d28e525fd/tasks\n Query Parameters: {} Body: {}"}
{"level":"info","message":"     INFO LEVEL => Fri Jan 07 2022 19:19:16 GMT+0000 (Coordinated Universal Time)\n StatusCode: 200;\n URL: /boards/aaf45fc0-8002-4b34-a5dc-549d28e525fd/tasks/2374a277-f1fe-42fe-a27a-dcbcc753d9f1\n Query Parameters: {} Body: {}"}
{"level":"info","message":"     INFO LEVEL => Fri Jan 07 2022 19:19:16 GMT+0000 (Coordinated Universal Time)\n StatusCode: 201;\n URL: /boards/aaf45fc0-8002-4b34-a5dc-549d28e525fd/tasks\n Query Parameters: {} Body: {\"title\":\"Autotest task\",\"order\":0,\"description\":\"Lorem ipsum\",\"userId\":null,\"boardId\":null,\"columnId\":null}"}
{"level":"info","message":"     INFO LEVEL => Fri Jan 07 2022 19:19:16 GMT+0000 (Coordinated Universal Time)\n StatusCode: 200;\n URL: /boards/aaf45fc0-8002-4b34-a5dc-549d28e525fd/tasks/213bad90-6cec-44aa-bb8d-a49b24d56653\n Query Parameters: {} Body: {}"}
{"level":"info","message":"     INFO LEVEL => Fri Jan 07 2022 19:19:16 GMT+0000 (Coordinated Universal Time)\n StatusCode: 201;\n URL: /boards/aaf45fc0-8002-4b34-a5dc-549d28e525fd/tasks\n Query Parameters: {} Body: {\"title\":\"Autotest task\",\"order\":0,\"description\":\"Lorem ipsum\",\"userId\":null,\"boardId\":null,\"columnId\":null}"}
{"level":"info","message":"     INFO LEVEL => Fri Jan 07 2022 19:19:16 GMT+0000 (Coordinated Universal Time)\n StatusCode: 200;\n URL: /boards/aaf45fc0-8002-4b34-a5dc-549d28e525fd/tasks/00b41e33-980d-48d9-a449-4a644c426ffa\n Query Parameters: {} Body: {\"id\":\"00b41e33-980d-48d9-a449-4a644c426ffa\",\"title\":\"Autotest updated task\",\"order\":0,\"description\":\"Lorem ipsum\",\"userId\":null,\"boardId\":\"aaf45fc0-8002-4b34-a5dc-549d28e525fd\",\"columnId\":null}"}
{"level":"info","message":"     INFO LEVEL => Fri Jan 07 2022 19:19:16 GMT+0000 (Coordinated Universal Time)\n StatusCode: 200;\n URL: /boards/aaf45fc0-8002-4b34-a5dc-549d28e525fd/tasks/00b41e33-980d-48d9-a449-4a644c426ffa\n Query Parameters: {} Body: {}"}
{"level":"info","message":"     INFO LEVEL => Fri Jan 07 2022 19:19:16 GMT+0000 (Coordinated Universal Time)\n StatusCode: 200;\n URL: /boards/aaf45fc0-8002-4b34-a5dc-549d28e525fd/tasks/2374a277-f1fe-42fe-a27a-dcbcc753d9f1\n Query Parameters: {} Body: {}"}
{"level":"info","message":"     INFO LEVEL => Fri Jan 07 2022 19:19:16 GMT+0000 (Coordinated Universal Time)\n StatusCode: 200;\n URL: /boards/aaf45fc0-8002-4b34-a5dc-549d28e525fd/tasks/2374a277-f1fe-42fe-a27a-dcbcc753d9f1\n Query Parameters: {} Body: {}"}
{"level":"info","message":"     INFO LEVEL => Fri Jan 07 2022 19:19:16 GMT+0000 (Coordinated Universal Time)\n StatusCode: 404;\n URL: /boards/aaf45fc0-8002-4b34-a5dc-549d28e525fd/tasks/2374a277-f1fe-42fe-a27a-dcbcc753d9f1\n Query Parameters: {} Body: {}"}
{"level":"warn","message":"     WARN LEVEL => Fri Jan 07 2022 19:19:16 GMT+0000 (Coordinated Universal Time)\n StatusCode: 404;\n URL: /boards/aaf45fc0-8002-4b34-a5dc-549d28e525fd/tasks/2374a277-f1fe-42fe-a27a-dcbcc753d9f1\n Query Parameters: {} Body: {}"}
{"level":"info","message":"     INFO LEVEL => Fri Jan 07 2022 19:19:16 GMT+0000 (Coordinated Universal Time)\n StatusCode: 200;\n URL: /boards/aaf45fc0-8002-4b34-a5dc-549d28e525fd\n Query Parameters: {} Body: {}"}
